<?xml version="1.0" encoding="UTF-8"?>
<!-- Generated by org.testng.reporters.JUnitReportReporter -->
<testsuite skipped="0" hostname="DESKTOP-V1US55J" name="firstPackage.testngExample" tests="2" failures="0" timestamp="27 Feb 2021 13:15:33 GMT" time="0.012" errors="0">
  <testcase name="test" time="0.010" classname="firstPackage.testngExample"/>
  <testcase name="test2" time="0.002" classname="firstPackage.testngExample"/>
</testsuite> <!-- firstPackage.testngExample -->
